[0.259s] DEBUG:colcon:Command line arguments: ['/usr/bin/colcon', 'build', '--symlink-install']
[0.260s] DEBUG:colcon:Parsed command line arguments: Namespace(ament_cmake_args=None, base_paths=['.'], build_base='build', catkin_cmake_args=None, catkin_skip_building_tests=False, cmake_args=None, cmake_clean_cache=False, cmake_clean_first=False, cmake_force_configure=False, cmake_target=None, cmake_target_skip_unavailable=False, continue_on_error=False, event_handlers=None, executor='parallel', ignore_user_meta=False, install_base='install', log_base=None, log_level=None, main=<bound method BuildVerb.main of <colcon_core.verb.build.BuildVerb object at 0x7ef583a7ecd0>>, merge_install=False, metas=['./colcon.meta'], mixin=None, mixin_files=None, mixin_verb=('build',), packages_above=None, packages_above_and_dependencies=None, packages_above_depth=None, packages_end=None, packages_ignore=None, packages_ignore_regex=None, packages_select=None, packages_select_build_failed=False, packages_select_by_dep=None, packages_select_regex=None, packages_select_test_failures=False, packages_skip=None, packages_skip_build_finished=False, packages_skip_by_dep=None, packages_skip_regex=None, packages_skip_test_passed=False, packages_skip_up_to=None, packages_start=None, packages_up_to=None, packages_up_to_regex=None, parallel_workers=12, paths=None, symlink_install=True, test_result_base=None, verb_extension=<colcon_core.verb.build.BuildVerb object at 0x7ef583a7ecd0>, verb_name='build', verb_parser=<colcon_mixin.mixin.mixin_argument.MixinArgumentDecorator object at 0x7ef583a082e0>)
[0.280s] Level 1:colcon.colcon_core.package_discovery:discover_packages(colcon_meta) check parameters
[0.281s] INFO:colcon.colcon_metadata.package_discovery.colcon_meta:Using configuration from '/root/.colcon/metadata/default/Gazebo.meta'
[0.281s] INFO:colcon.colcon_metadata.package_discovery.colcon_meta:Using configuration from '/root/.colcon/metadata/default/fastdds.meta'
[0.282s] INFO:colcon.colcon_metadata.package_discovery.colcon_meta:Using configuration from '/root/.colcon/metadata/default/fastrtps.meta'
[0.282s] Level 1:colcon.colcon_core.package_discovery:discover_packages(recursive) check parameters
[0.282s] Level 1:colcon.colcon_core.package_discovery:discover_packages(ignore) check parameters
[0.282s] Level 1:colcon.colcon_core.package_discovery:discover_packages(path) check parameters
[0.282s] Level 1:colcon.colcon_core.package_discovery:discover_packages(colcon_meta) discover
[0.282s] Level 1:colcon.colcon_core.package_discovery:discover_packages(recursive) discover
[0.282s] INFO:colcon.colcon_core.package_discovery:Crawling recursively for packages in '/root/dev/ardpt/droneController/drone_ws'
[0.282s] Level 1:colcon.colcon_core.package_identification:_identify(.) by extensions ['ignore', 'ignore_ament_install']
[0.282s] Level 1:colcon.colcon_core.package_identification:_identify(.) by extension 'ignore'
[0.282s] Level 1:colcon.colcon_core.package_identification:_identify(.) by extension 'ignore_ament_install'
[0.282s] Level 1:colcon.colcon_core.package_identification:_identify(.) by extensions ['colcon_pkg']
[0.282s] Level 1:colcon.colcon_core.package_identification:_identify(.) by extension 'colcon_pkg'
[0.282s] Level 1:colcon.colcon_core.package_identification:_identify(.) by extensions ['colcon_meta']
[0.282s] Level 1:colcon.colcon_core.package_identification:_identify(.) by extension 'colcon_meta'
[0.282s] Level 1:colcon.colcon_core.package_identification:_identify(.) by extensions ['ros']
[0.282s] Level 1:colcon.colcon_core.package_identification:_identify(.) by extension 'ros'
[0.296s] Level 1:colcon.colcon_core.package_identification:_identify(.) by extensions ['cmake', 'python']
[0.296s] Level 1:colcon.colcon_core.package_identification:_identify(.) by extension 'cmake'
[0.296s] Level 1:colcon.colcon_core.package_identification:_identify(.) by extension 'python'
[0.296s] Level 1:colcon.colcon_core.package_identification:_identify(.) by extensions ['python_setup_py']
[0.296s] Level 1:colcon.colcon_core.package_identification:_identify(.) by extension 'python_setup_py'
[0.296s] Level 1:colcon.colcon_core.package_identification:_identify(build) by extensions ['ignore', 'ignore_ament_install']
[0.297s] Level 1:colcon.colcon_core.package_identification:_identify(build) by extension 'ignore'
[0.297s] Level 1:colcon.colcon_core.package_identification:_identify(build) ignored
[0.297s] Level 1:colcon.colcon_core.package_identification:_identify(install) by extensions ['ignore', 'ignore_ament_install']
[0.297s] Level 1:colcon.colcon_core.package_identification:_identify(install) by extension 'ignore'
[0.297s] Level 1:colcon.colcon_core.package_identification:_identify(install) ignored
[0.297s] Level 1:colcon.colcon_core.package_identification:_identify(log) by extensions ['ignore', 'ignore_ament_install']
[0.297s] Level 1:colcon.colcon_core.package_identification:_identify(log) by extension 'ignore'
[0.297s] Level 1:colcon.colcon_core.package_identification:_identify(log) ignored
[0.297s] Level 1:colcon.colcon_core.package_identification:_identify(src) by extensions ['ignore', 'ignore_ament_install']
[0.297s] Level 1:colcon.colcon_core.package_identification:_identify(src) by extension 'ignore'
[0.297s] Level 1:colcon.colcon_core.package_identification:_identify(src) by extension 'ignore_ament_install'
[0.297s] Level 1:colcon.colcon_core.package_identification:_identify(src) by extensions ['colcon_pkg']
[0.297s] Level 1:colcon.colcon_core.package_identification:_identify(src) by extension 'colcon_pkg'
[0.297s] Level 1:colcon.colcon_core.package_identification:_identify(src) by extensions ['colcon_meta']
[0.297s] Level 1:colcon.colcon_core.package_identification:_identify(src) by extension 'colcon_meta'
[0.297s] Level 1:colcon.colcon_core.package_identification:_identify(src) by extensions ['ros']
[0.297s] Level 1:colcon.colcon_core.package_identification:_identify(src) by extension 'ros'
[0.297s] Level 1:colcon.colcon_core.package_identification:_identify(src) by extensions ['cmake', 'python']
[0.297s] Level 1:colcon.colcon_core.package_identification:_identify(src) by extension 'cmake'
[0.297s] Level 1:colcon.colcon_core.package_identification:_identify(src) by extension 'python'
[0.297s] Level 1:colcon.colcon_core.package_identification:_identify(src) by extensions ['python_setup_py']
[0.298s] Level 1:colcon.colcon_core.package_identification:_identify(src) by extension 'python_setup_py'
[0.298s] Level 1:colcon.colcon_core.package_identification:_identify(src/auto_drone) by extensions ['ignore', 'ignore_ament_install']
[0.298s] Level 1:colcon.colcon_core.package_identification:_identify(src/auto_drone) by extension 'ignore'
[0.298s] Level 1:colcon.colcon_core.package_identification:_identify(src/auto_drone) by extension 'ignore_ament_install'
[0.298s] Level 1:colcon.colcon_core.package_identification:_identify(src/auto_drone) by extensions ['colcon_pkg']
[0.298s] Level 1:colcon.colcon_core.package_identification:_identify(src/auto_drone) by extension 'colcon_pkg'
[0.298s] Level 1:colcon.colcon_core.package_identification:_identify(src/auto_drone) by extensions ['colcon_meta']
[0.298s] Level 1:colcon.colcon_core.package_identification:_identify(src/auto_drone) by extension 'colcon_meta'
[0.298s] Level 1:colcon.colcon_core.package_identification:_identify(src/auto_drone) by extensions ['ros']
[0.298s] Level 1:colcon.colcon_core.package_identification:_identify(src/auto_drone) by extension 'ros'
[0.300s] DEBUG:colcon.colcon_core.package_identification:Package 'src/auto_drone' with type 'ros.catkin' and name 'auto_drone'
[0.300s] Level 1:colcon.colcon_core.package_discovery:discover_packages(recursive) using defaults
[0.300s] Level 1:colcon.colcon_core.package_discovery:discover_packages(ignore) discover
[0.300s] Level 1:colcon.colcon_core.package_discovery:discover_packages(ignore) using defaults
[0.300s] Level 1:colcon.colcon_core.package_discovery:discover_packages(path) discover
[0.300s] Level 1:colcon.colcon_core.package_discovery:discover_packages(path) using defaults
[0.315s] Level 5:colcon.colcon_core.verb:set package 'auto_drone' build argument 'cmake_args' from command line to 'None'
[0.315s] Level 5:colcon.colcon_core.verb:set package 'auto_drone' build argument 'cmake_target' from command line to 'None'
[0.315s] Level 5:colcon.colcon_core.verb:set package 'auto_drone' build argument 'cmake_target_skip_unavailable' from command line to 'False'
[0.315s] Level 5:colcon.colcon_core.verb:set package 'auto_drone' build argument 'cmake_clean_cache' from command line to 'False'
[0.315s] Level 5:colcon.colcon_core.verb:set package 'auto_drone' build argument 'cmake_clean_first' from command line to 'False'
[0.315s] Level 5:colcon.colcon_core.verb:set package 'auto_drone' build argument 'cmake_force_configure' from command line to 'False'
[0.316s] Level 5:colcon.colcon_core.verb:set package 'auto_drone' build argument 'ament_cmake_args' from command line to 'None'
[0.316s] Level 5:colcon.colcon_core.verb:set package 'auto_drone' build argument 'catkin_cmake_args' from command line to 'None'
[0.316s] Level 5:colcon.colcon_core.verb:set package 'auto_drone' build argument 'catkin_skip_building_tests' from command line to 'False'
[0.316s] DEBUG:colcon.colcon_core.verb:Building package 'auto_drone' with the following arguments: {'ament_cmake_args': None, 'build_base': '/root/dev/ardpt/droneController/drone_ws/build/auto_drone', 'catkin_cmake_args': None, 'catkin_skip_building_tests': False, 'cmake_args': None, 'cmake_clean_cache': False, 'cmake_clean_first': False, 'cmake_force_configure': False, 'cmake_target': None, 'cmake_target_skip_unavailable': False, 'install_base': '/root/dev/ardpt/droneController/drone_ws/install/auto_drone', 'merge_install': False, 'path': '/root/dev/ardpt/droneController/drone_ws/src/auto_drone', 'symlink_install': True, 'test_result_base': None}
[0.316s] INFO:colcon.colcon_core.executor:Executing jobs using 'parallel' executor
[0.319s] DEBUG:colcon.colcon_parallel_executor.executor.parallel:run_until_complete
[0.319s] INFO:colcon.colcon_ros.task.catkin.build:Building ROS package in '/root/dev/ardpt/droneController/drone_ws/src/auto_drone' with build type 'catkin'
[0.319s] INFO:colcon.colcon_cmake.task.cmake.build:Building CMake package in '/root/dev/ardpt/droneController/drone_ws/src/auto_drone'
[0.323s] INFO:colcon.colcon_core.plugin_system:Skipping extension 'colcon_core.shell.bat': Not used on non-Windows systems
[0.323s] INFO:colcon.colcon_core.shell:Skip shell extension 'powershell' for command environment: Not usable outside of PowerShell
[0.323s] DEBUG:colcon.colcon_core.shell:Skip shell extension 'dsv' for command environment
[0.325s] WARNING:colcon.colcon_ros.prefix_path.ament:The path '/root/dev/ardpt/droneController/drone_ws/install/auto_drone' in the environment variable AMENT_PREFIX_PATH doesn't exist
[0.325s] WARNING:colcon.colcon_ros.prefix_path.catkin:The path '/root/dev/ardpt/droneController/drone_ws/install/auto_drone' in the environment variable CMAKE_PREFIX_PATH doesn't exist
[0.334s] DEBUG:colcon.colcon_core.event_handler.log_command:Invoking command in '/root/dev/ardpt/droneController/drone_ws/build/auto_drone': /usr/bin/cmake /root/dev/ardpt/droneController/drone_ws/src/auto_drone -DCATKIN_INSTALL_INTO_PREFIX_ROOT=0 -DCATKIN_SYMLINK_INSTALL=ON -DCMAKE_INSTALL_PREFIX=/root/dev/ardpt/droneController/drone_ws/install/auto_drone
[0.941s] DEBUG:colcon.colcon_core.event_handler.log_command:Invoked command in '/root/dev/ardpt/droneController/drone_ws/build/auto_drone' returned '0': /usr/bin/cmake /root/dev/ardpt/droneController/drone_ws/src/auto_drone -DCATKIN_INSTALL_INTO_PREFIX_ROOT=0 -DCATKIN_SYMLINK_INSTALL=ON -DCMAKE_INSTALL_PREFIX=/root/dev/ardpt/droneController/drone_ws/install/auto_drone
[0.943s] DEBUG:colcon.colcon_core.event_handler.log_command:Invoking command in '/root/dev/ardpt/droneController/drone_ws/build/auto_drone': /usr/bin/cmake --build /root/dev/ardpt/droneController/drone_ws/build/auto_drone -- -j12 -l12
[0.978s] DEBUG:colcon.colcon_core.event_handler.log_command:Invoked command in '/root/dev/ardpt/droneController/drone_ws/build/auto_drone' returned '0': /usr/bin/cmake --build /root/dev/ardpt/droneController/drone_ws/build/auto_drone -- -j12 -l12
[1.025s] DEBUG:colcon.colcon_core.event_handler.log_command:Invoking command in '/root/dev/ardpt/droneController/drone_ws/build/auto_drone': /usr/bin/cmake --install /root/dev/ardpt/droneController/drone_ws/build/auto_drone
[1.052s] DEBUG:colcon.colcon_core.event_handler.log_command:Invoked command in '/root/dev/ardpt/droneController/drone_ws/build/auto_drone' returned '0': /usr/bin/cmake --install /root/dev/ardpt/droneController/drone_ws/build/auto_drone
[1.070s] Level 1:colcon.colcon_core.shell:create_environment_hook('auto_drone', 'ros_package_path')
[1.071s] INFO:colcon.colcon_core.shell:Creating environment hook '/root/dev/ardpt/droneController/drone_ws/install/auto_drone/share/auto_drone/hook/ros_package_path.ps1'
[1.072s] INFO:colcon.colcon_core.shell:Creating environment descriptor '/root/dev/ardpt/droneController/drone_ws/install/auto_drone/share/auto_drone/hook/ros_package_path.dsv'
[1.072s] INFO:colcon.colcon_core.shell:Creating environment hook '/root/dev/ardpt/droneController/drone_ws/install/auto_drone/share/auto_drone/hook/ros_package_path.sh'
[1.073s] Level 1:colcon.colcon_core.shell:create_environment_hook('auto_drone', 'pkg_config_path')
[1.074s] INFO:colcon.colcon_core.shell:Creating environment hook '/root/dev/ardpt/droneController/drone_ws/install/auto_drone/share/auto_drone/hook/pkg_config_path.ps1'
[1.074s] INFO:colcon.colcon_core.shell:Creating environment descriptor '/root/dev/ardpt/droneController/drone_ws/install/auto_drone/share/auto_drone/hook/pkg_config_path.dsv'
[1.074s] INFO:colcon.colcon_core.shell:Creating environment hook '/root/dev/ardpt/droneController/drone_ws/install/auto_drone/share/auto_drone/hook/pkg_config_path.sh'
[1.077s] Level 1:colcon.colcon_core.shell:create_environment_hook('auto_drone', 'pkg_config_path_multiarch')
[1.078s] INFO:colcon.colcon_core.shell:Creating environment hook '/root/dev/ardpt/droneController/drone_ws/install/auto_drone/share/auto_drone/hook/pkg_config_path_multiarch.ps1'
[1.079s] INFO:colcon.colcon_core.shell:Creating environment descriptor '/root/dev/ardpt/droneController/drone_ws/install/auto_drone/share/auto_drone/hook/pkg_config_path_multiarch.dsv'
[1.079s] INFO:colcon.colcon_core.shell:Creating environment hook '/root/dev/ardpt/droneController/drone_ws/install/auto_drone/share/auto_drone/hook/pkg_config_path_multiarch.sh'
[1.081s] Level 1:colcon.colcon_core.environment:create_environment_scripts_only(auto_drone)
[1.085s] Level 1:colcon.colcon_core.environment:checking '/root/dev/ardpt/droneController/drone_ws/install/auto_drone' for CMake module files
[1.085s] Level 1:colcon.colcon_core.environment:checking '/root/dev/ardpt/droneController/drone_ws/install/auto_drone' for CMake config files
[1.085s] Level 1:colcon.colcon_core.shell:create_environment_hook('auto_drone', 'cmake_prefix_path')
[1.087s] INFO:colcon.colcon_core.shell:Creating environment hook '/root/dev/ardpt/droneController/drone_ws/install/auto_drone/share/auto_drone/hook/cmake_prefix_path.ps1'
[1.087s] INFO:colcon.colcon_core.shell:Creating environment descriptor '/root/dev/ardpt/droneController/drone_ws/install/auto_drone/share/auto_drone/hook/cmake_prefix_path.dsv'
[1.087s] INFO:colcon.colcon_core.shell:Creating environment hook '/root/dev/ardpt/droneController/drone_ws/install/auto_drone/share/auto_drone/hook/cmake_prefix_path.sh'
[1.088s] Level 1:colcon.colcon_core.environment:checking '/root/dev/ardpt/droneController/drone_ws/install/auto_drone/bin'
[1.088s] Level 1:colcon.colcon_core.environment:checking '/root/dev/ardpt/droneController/drone_ws/install/auto_drone/lib/pkgconfig/auto_drone.pc'
[1.088s] Level 1:colcon.colcon_core.environment:checking '/root/dev/ardpt/droneController/drone_ws/install/auto_drone/lib/python3.8/site-packages'
[1.088s] Level 1:colcon.colcon_core.environment:checking '/root/dev/ardpt/droneController/drone_ws/install/auto_drone/bin'
[1.090s] INFO:colcon.colcon_core.shell:Creating package script '/root/dev/ardpt/droneController/drone_ws/install/auto_drone/share/auto_drone/package.ps1'
[1.090s] INFO:colcon.colcon_core.shell:Creating package descriptor '/root/dev/ardpt/droneController/drone_ws/install/auto_drone/share/auto_drone/package.dsv'
[1.091s] INFO:colcon.colcon_core.shell:Creating package script '/root/dev/ardpt/droneController/drone_ws/install/auto_drone/share/auto_drone/package.sh'
[1.091s] INFO:colcon.colcon_core.shell:Creating package script '/root/dev/ardpt/droneController/drone_ws/install/auto_drone/share/auto_drone/package.bash'
[1.092s] INFO:colcon.colcon_core.shell:Creating package script '/root/dev/ardpt/droneController/drone_ws/install/auto_drone/share/auto_drone/package.zsh'
[1.092s] Level 1:colcon.colcon_core.environment:create_file_with_runtime_dependencies(/root/dev/ardpt/droneController/drone_ws/install/auto_drone/share/colcon-core/packages/auto_drone)
[1.093s] DEBUG:colcon.colcon_parallel_executor.executor.parallel:closing loop
[1.093s] DEBUG:colcon.colcon_parallel_executor.executor.parallel:loop closed
[1.093s] DEBUG:colcon.colcon_parallel_executor.executor.parallel:run_until_complete finished with '0'
[1.093s] DEBUG:colcon.colcon_core.event_reactor:joining thread
[1.098s] INFO:colcon.colcon_core.plugin_system:Skipping extension 'colcon_notification.desktop_notification.notify_send': Could not find 'notify-send'
[1.099s] INFO:colcon.colcon_core.plugin_system:Skipping extension 'colcon_notification.desktop_notification.terminal_notifier': Not used on non-Darwin systems
[1.099s] INFO:colcon.colcon_core.plugin_system:Skipping extension 'colcon_notification.desktop_notification.win32': Not used on non-Windows systems
[1.099s] INFO:colcon.colcon_notification.desktop_notification:Sending desktop notification using 'notify2'
[1.104s] DEBUG:colcon.colcon_notification.desktop_notification.notify2:Failed to initialize notify2: org.freedesktop.DBus.Error.ServiceUnknown: The name org.freedesktop.Notifications was not provided by any .service files
[1.104s] DEBUG:colcon.colcon_core.event_reactor:joined thread
[1.105s] INFO:colcon.colcon_core.shell:Creating prefix script '/root/dev/ardpt/droneController/drone_ws/install/local_setup.ps1'
[1.106s] INFO:colcon.colcon_core.shell:Creating prefix util module '/root/dev/ardpt/droneController/drone_ws/install/_local_setup_util_ps1.py'
[1.107s] INFO:colcon.colcon_core.shell:Creating prefix chain script '/root/dev/ardpt/droneController/drone_ws/install/setup.ps1'
[1.108s] INFO:colcon.colcon_core.shell:Creating prefix script '/root/dev/ardpt/droneController/drone_ws/install/local_setup.sh'
[1.109s] INFO:colcon.colcon_core.shell:Creating prefix util module '/root/dev/ardpt/droneController/drone_ws/install/_local_setup_util_sh.py'
[1.109s] INFO:colcon.colcon_core.shell:Creating prefix chain script '/root/dev/ardpt/droneController/drone_ws/install/setup.sh'
[1.110s] INFO:colcon.colcon_core.shell:Creating prefix script '/root/dev/ardpt/droneController/drone_ws/install/local_setup.bash'
[1.111s] INFO:colcon.colcon_core.shell:Creating prefix chain script '/root/dev/ardpt/droneController/drone_ws/install/setup.bash'
[1.112s] INFO:colcon.colcon_core.shell:Creating prefix script '/root/dev/ardpt/droneController/drone_ws/install/local_setup.zsh'
[1.112s] INFO:colcon.colcon_core.shell:Creating prefix chain script '/root/dev/ardpt/droneController/drone_ws/install/setup.zsh'
